INSERT INTO "MODULES_FRANCAIS_CP"(nom_module_francais_cp, objectif_francais_cp) VALUES ('Écouter pour comprendre des messages oraux (adressés par un adulte ou par des pairs) ou des textes lus par un adulte','reformuler un propos');
INSERT 0 1
INSERT INTO "MODULES_FRANCAIS_CP"(nom_module_francais_cp, objectif_francais_cp) VALUES ('Dire pour être entendu et compris, en situation d’adresse à un auditoire ou de présentation de textes','lire avec fluidité');
INSERT 0 1
INSERT INTO "MODULES_FRANCAIS_CP"(nom_module_francais_cp, objectif_francais_cp) VALUES ('Participer à des échanges dans des situations diverses (séances d’apprentissage, régulation de la vie de la classe)','débattre en restant dans le sujet');
INSERT 0 1
INSERT INTO "MODULES_FRANCAIS_CP"(nom_module_francais_cp, objectif_francais_cp) VALUES ('Adopter une distance critique par rapport au langage produit','décomposer les syllabes');
INSERT 0 1
INSERT INTO "MODULES_FRANCAIS_CP"(nom_module_francais_cp, objectif_francais_cp) VALUES ('Identifier des mots de manière de plus en plus aisée','lecture plus rapide');
INSERT 0 1
INSERT INTO "MODULES_FRANCAIS_CP"(nom_module_francais_cp, objectif_francais_cp) VALUES ('Comprendre un texte et contrôler sa compréhension','repérer les personnages et leur rôle dans texte');
INSERT 0 1
INSERT INTO "MODULES_FRANCAIS_CP"(nom_module_francais_cp, objectif_francais_cp) VALUES ('Pratiquer différentes formes de lecture','comprendre et appliquer une notice ou recette');
INSERT 0 1
INSERT INTO "MODULES_FRANCAIS_CP"(nom_module_francais_cp, objectif_francais_cp) VALUES ('Lire à voix haute','lire clairement au moins 50 mots par minute');
INSERT 0 1
INSERT INTO "MODULES_FRANCAIS_CP"(nom_module_francais_cp, objectif_francais_cp) VALUES ('Copier','respect de la forme et taille des lettres');
INSERT 0 1
INSERT INTO "MODULES_FRANCAIS_CP"(nom_module_francais_cp, objectif_francais_cp) VALUES ('Écrire des textes en commençant à s’approprier une démarche','formuler une phrase pour résoudre un problème');
INSERT 0 1
INSERT INTO "MODULES_FRANCAIS_CP"(nom_module_francais_cp, objectif_francais_cp) VALUES ('Réviser et améliorer un écrit','repérer des oublis dans une phrase');
INSERT 0 1
INSERT INTO "MODULES_FRANCAIS_CP"(nom_module_francais_cp, objectif_francais_cp) VALUES ('Passer de l''oral à l''écrit','distinguer des mots similaires comme gag et gage');
INSERT 0 1
INSERT INTO "MODULES_FRANCAIS_CP"(nom_module_francais_cp, objectif_francais_cp) VALUES ('Construire le lexique','utiliser le champ lexical');
INSERT 0 1
INSERT INTO "MODULES_FRANCAIS_CP"(nom_module_francais_cp, objectif_francais_cp) VALUES ('Introduction aux champs lexicaux','ortographier correctement des mots courants');
INSERT 0 1
INSERT INTO "MODULES_FRANCAIS_CP"(nom_module_francais_cp, objectif_francais_cp) VALUES ('Se repérer dans la phrase simple','catégoriser les mots: verbes, noms, etc…');
INSERT 0 1
INSERT INTO "MODULES_FRANCAIS_CP"(nom_module_francais_cp, objectif_francais_cp) VALUES ('Maîtriser la grammaire de base','maîtriser le genre et le nombre');
INSERT 0 1
