INSERT INTO "MODULES_MATHS_CP"(nom_module_maths_cp, objectif_maths_cp) VALUES ('Comprendre et utiliser des nombres entiers pour dénombrer, ordonner, repérer, comparer','groupement par 10, positionnement sur une frise numérique');
INSERT 0 1
INSERT INTO "MODULES_MATHS_CP"(nom_module_maths_cp, objectif_maths_cp) VALUES ('Nommer, lire, écrire, représenter des nombres entiers','décomposer les nombres, écriture en lettre');
INSERT 0 1
INSERT INTO "MODULES_MATHS_CP"(nom_module_maths_cp, objectif_maths_cp) VALUES ('Résoudre des problèmes en utilisant des nombres entiers et le calcul','modéliser un problèmes avec des calculs et schémas');
INSERT 0 1
INSERT INTO "MODULES_MATHS_CP"(nom_module_maths_cp, objectif_maths_cp) VALUES ('Faits numériques mémorisés utiles pour tous les types de calcul','compléments à 10, notions de double et moitié');
INSERT 0 1
INSERT INTO "MODULES_MATHS_CP"(nom_module_maths_cp, objectif_maths_cp) VALUES ('Procédure de calcul mental','calcul de sommes et soustractions sans retenues');
INSERT 0 1
INSERT INTO "MODULES_MATHS_CP"(nom_module_maths_cp, objectif_maths_cp) VALUES ('Calcul en ligne','calcul de sommes avec 2 ou 3 termes');
INSERT 0 1
INSERT INTO "MODULES_MATHS_CP"(nom_module_maths_cp, objectif_maths_cp) VALUES ('Calcul posé','poser une addition de 2 ou 3 nombres compris entre 0 et 99');
INSERT 0 1
INSERT INTO "MODULES_MATHS_CP"(nom_module_maths_cp, objectif_maths_cp) VALUES ('Comparer, estimer, mesurer des longueurs, des masses, des contenances, des durées, tiliser le lexique, les unités, les instruments de mesures spécifiques de ces grandeurs','utiliser une règle, comparer des poids, lire l''heure ');
INSERT 0 1
INSERT INTO "MODULES_MATHS_CP"(nom_module_maths_cp, objectif_maths_cp) VALUES ('Résoudre des problèmes impliquant des longueurs, des masses, des contenances, des durées, des prix','échanger des pièces contre un billet');
INSERT 0 1
INSERT INTO "MODULES_MATHS_CP"(nom_module_maths_cp, objectif_maths_cp) VALUES ('Se repérer et se déplacer en utilisant des repères et des représentations','suivre un itinéraire sur un plan');
INSERT 0 1
INSERT INTO "MODULES_MATHS_CP"(nom_module_maths_cp, objectif_maths_cp) VALUES ('Reconnaître, nommer, décrire, reproduire quelques solides','reconnaître des formes dans des objets du quotidien');
INSERT 0 1
INSERT INTO "MODULES_MATHS_CP"(nom_module_maths_cp, objectif_maths_cp) VALUES ('Reconnaître, nommer, décrire, reproduire, construire quelques figures géométriques - Reconnaître et utiliser les notions d’alignement, d’angle droit,d’égalité de longueurs, de milieu, de symétrie','tracer une droite passant par 2 points avec une règle');
INSERT 0 1



